A				B
.\G0\Ivan.png				.\G0\Dice.JPG				
.\G1\Jacob.JPG				.\G1\Bison.png				
.\G2\Will.JPG				.\G2\Transform.JPG				
.\G3\David.JPG				.\G3\Tony.png				
.\G4\Charles.JPG				.\G4\Morris.JPG				
.\G5\Wayne.JPG				.\G5\Ricky.JPG				
.\G6\Tiffany.jpg				.\G6\Niya.jpg				
.\Common\Rudy.JPG				.\Common\Sam.png				
.\Common\Stella.png				.\Common\Elon.PNG				
.\Common\Leon.JPG				.\Common\Jeremy.png				
.\Common\Andy.JPG				.\Common\Raymond.jpg				
.\Common\Vog.png				.\Common\Micky.png				
.\Common\FanWei.png				.\Common\Boris.png				
.\Common\Kuan.png				.\Common\Daniel.png				
.\Common\Ken.png				.\Common\Denny.png				
.\Common\WC.JPG				.\Common\Robin.png				
.\Common\Ted.JPG				.\Common\Yuanliang.JPG				
.\Common\Maple.png				.\Common\Jack.png				
.\Common\Eric.JPG				.\Common\JJ.png				
.\Common\Vincent.JPG				.\Common\Brandon.JPG				
.\Common\WJ.JPG				.\Common\Joshua.JPG				
.\Common\Russell.JPG				.\Common\Alton.JPG				
.\Common\Michael.png				.\Common\Lucien.JPG				
.\Common\Warren.JPG				.\Common\SJ.JPG				
.\Common\Alan.JPG				.\Common\Doson.JPG				
.\Common\Tyrion.JPG				